2018-02-03 17:03:20 | __main__ | INFO     | Got Credentials
2018-02-03 17:03:20 | __main__ | INFO     | Got Service
2018-02-03 17:03:21 | __main__ | INFO     | Got Cal_id: jk5q5ni1ft72ofrbi0rhq48hb4@group.calendar.google.com
2018-02-03 17:03:37 | __main__ | INFO     | Cleared Calendar
2018-02-03 17:03:38 | sunray | INFO     | Got Dates
2018-02-03 17:03:38 | sunray | INFO     | Number of dates found: 21
2018-02-03 17:03:38 | sunray | INFO     | Got Daily Html Strings
2018-02-03 17:04:09 | __main__ | INFO     | Got Credentials
2018-02-03 17:04:09 | __main__ | INFO     | Got Service
2018-02-03 17:04:09 | __main__ | INFO     | Got Cal_id: jk5q5ni1ft72ofrbi0rhq48hb4@group.calendar.google.com
2018-02-03 17:04:09 | __main__ | INFO     | Cleared Calendar
2018-02-03 17:04:10 | sunray | INFO     | Got Dates
2018-02-03 17:04:10 | sunray | INFO     | Number of dates found: 21
2018-02-03 17:04:10 | sunray | INFO     | Got Daily Html Strings
2018-02-03 17:04:10 | sunray | INFO     | Got OMDB movie CALL ME BY YOUR NAME, Year 2017, ID tt5726616
2018-02-03 17:04:10 | sunray | INFO     | Got OMDB movie I TONYA, Year 2017, ID tt5580036
2018-02-03 17:04:11 | sunray | INFO     | Got OMDB movie LADY BIRD, Year 2017, ID tt4925292
2018-02-03 17:04:11 | sunray | INFO     | Got OMDB movie PASSION OF JOAN OF ARC, Year 1928, ID tt0019254
2018-02-03 17:04:11 | sunray | INFO     | Got OMDB movie SHAPE OF WATER, Year 2017, ID tt5580390
2018-02-03 17:04:11 | sunray | INFO     | Got Daily Html Strings
2018-02-03 17:04:12 | sunray | INFO     | Got OMDB movie CALL ME BY YOUR NAME, Year 2017, ID tt5726616
2018-02-03 17:04:12 | sunray | INFO     | Got OMDB movie I TONYA, Year 2017, ID tt5580036
2018-02-03 17:04:12 | sunray | INFO     | Got OMDB movie LADY BIRD, Year 2017, ID tt4925292
2018-02-03 17:04:12 | sunray | INFO     | Got OMDB movie SHAPE OF WATER, Year 2017, ID tt5580390
2018-02-03 17:04:13 | sunray | INFO     | Got Daily Html Strings
2018-02-03 17:04:13 | sunray | INFO     | Got OMDB movie CALL ME BY YOUR NAME, Year 2017, ID tt5726616
2018-02-03 17:04:13 | sunray | INFO     | Got OMDB movie I TONYA, Year 2017, ID tt5580036
2018-02-03 17:04:14 | sunray | INFO     | Got OMDB movie LADY BIRD, Year 2017, ID tt4925292
2018-02-03 17:04:14 | sunray | INFO     | Got OMDB movie SHAPE OF WATER, Year 2017, ID tt5580390
2018-02-03 17:04:14 | sunray | INFO     | Got Daily Html Strings
2018-02-03 17:04:14 | sunray | INFO     | Got OMDB movie BEFORE SUNRISE, Year 2011, ID tt1946153
2018-02-03 17:04:15 | sunray | INFO     | Got OMDB movie CALL ME BY YOUR NAME, Year 2017, ID tt5726616
2018-02-03 17:04:15 | sunray | INFO     | Got OMDB movie I TONYA, Year 2017, ID tt5580036
2018-02-03 17:04:15 | sunray | INFO     | Got OMDB movie LADY BIRD, Year 2017, ID tt4925292
2018-02-03 17:04:16 | sunray | INFO     | Got OMDB movie SHAPE OF WATER, Year 2017, ID tt5580390
2018-02-03 17:04:16 | sunray | INFO     | Got Daily Html Strings
2018-02-03 17:04:16 | sunray | INFO     | Got OMDB movie CALL ME BY YOUR NAME, Year 2017, ID tt5726616
2018-02-03 17:04:16 | sunray | INFO     | Got OMDB movie I TONYA, Year 2017, ID tt5580036
2018-02-03 17:04:17 | sunray | INFO     | Got OMDB movie LADY BIRD, Year 2017, ID tt4925292
2018-02-03 17:04:17 | sunray | INFO     | Got OMDB movie SHAPE OF WATER, Year 2017, ID tt5580390
2018-02-03 17:04:17 | sunray | INFO     | Got Daily Html Strings
2018-02-03 17:04:17 | sunray | INFO     | Got OMDB movie CALL ME BY YOUR NAME, Year 2017, ID tt5726616
2018-02-03 17:04:18 | sunray | INFO     | Got OMDB movie I TONYA, Year 2017, ID tt5580036
2018-02-03 17:04:18 | sunray | INFO     | Got OMDB movie LADY BIRD, Year 2017, ID tt4925292
2018-02-03 17:04:18 | sunray | INFO     | Got OMDB movie SHAPE OF WATER, Year 2017, ID tt5580390
2018-02-03 17:04:18 | sunray | INFO     | Got Daily Html Strings
2018-02-03 17:04:19 | sunray | INFO     | Got OMDB movie BEFORE SUNSET, Year 2004, ID tt0381681
2018-02-03 17:04:19 | sunray | INFO     | Got Daily Html Strings
2018-02-03 17:04:19 | sunray | INFO     | Got OMDB movie WILD AT HEART, Year 2012, ID tt2404007
2018-02-03 17:04:19 | sunray | INFO     | Got Daily Html Strings
2018-02-03 17:04:20 | sunray | INFO     | Got OMDB movie BLACK PANTHER, Year 2018, ID tt1825683
2018-02-03 17:04:20 | sunray | INFO     | Got Daily Html Strings
2018-02-03 17:04:21 | sunray | INFO     | Got OMDB movie BLACK PANTHER, Year 2018, ID tt1825683
2018-02-03 17:04:22 | sunray | INFO     | Got Daily Html Strings
2018-02-03 17:04:22 | sunray | INFO     | Got OMDB movie BLACK PANTHER, Year 2018, ID tt1825683
2018-02-03 17:04:22 | sunray | INFO     | Got Daily Html Strings
2018-02-03 17:04:23 | sunray | INFO     | Got OMDB movie BLACK PANTHER, Year 2018, ID tt1825683
2018-02-03 17:04:23 | sunray | INFO     | Got Daily Html Strings
2018-02-03 17:04:23 | sunray | INFO     | Got OMDB movie BLACK PANTHER, Year 2018, ID tt1825683
2018-02-03 17:04:23 | sunray | INFO     | Got Daily Html Strings
2018-02-03 17:04:24 | sunray | INFO     | Got OMDB movie BEFORE MIDNIGHT, Year 2013, ID tt2209418
2018-02-03 17:04:24 | sunray | INFO     | Got OMDB movie BLACK PANTHER, Year 2018, ID tt1825683
2018-02-03 17:04:24 | sunray | INFO     | Got Daily Html Strings
2018-02-03 17:04:25 | sunray | INFO     | Got OMDB movie BLACK PANTHER, Year 2018, ID tt1825683
2018-02-03 17:04:25 | sunray | INFO     | Got Daily Html Strings
2018-02-03 17:04:25 | sunray | INFO     | Got OMDB movie BLACK PANTHER, Year 2018, ID tt1825683
2018-02-03 17:04:26 | sunray | INFO     | Got Daily Html Strings
2018-02-03 17:04:26 | sunray | INFO     | Got OMDB movie THE DARK CRYSTAL, Year 1982, ID tt0083791
2018-02-03 17:04:26 | sunray | INFO     | Got Daily Html Strings
2018-02-03 17:04:26 | sunray | INFO     | Got OMDB movie THE DARK CRYSTAL, Year 1982, ID tt0083791
2018-02-03 17:04:26 | sunray | INFO     | Got Daily Html Strings
2018-02-03 17:04:27 | sunray | INFO     | Got OMDB movie BLACK PANTHER, Year 2018, ID tt1825683
2018-02-03 17:04:27 | sunray | INFO     | Got Daily Html Strings
2018-02-03 17:04:28 | sunray | INFO     | Got OMDB movie THE GREAT SATAN, Year 2017, ID tt7493854
2018-02-03 17:04:28 | sunray | INFO     | Got Daily Html Strings
2018-02-03 17:04:28 | sunray | INFO     | Got OMDB movie MONTEREY POP, Year 1968, ID tt0064689
2018-02-03 17:04:28 | __main__ | INFO     | Got Movies from sunray.py
2018-02-03 17:04:28 | __main__ | INFO     | Number of Movies (showtimes) received: 83
2018-02-03 17:04:28 | __main__ | INFO     | Processing movie CALL ME BY YOUR NAME, Date 2018-02-03, Time 19:00
2018-02-03 17:04:28 | __main__ | INFO     | Show time qualifies to be added
2018-02-03 17:04:28 | __main__ | INFO     | Event built
2018-02-03 17:04:28 | __main__ | INFO     | Event added
2018-02-03 17:04:28 | __main__ | INFO     | Processing movie CALL ME BY YOUR NAME, Date 2018-02-03, Time 14:00
2018-02-03 17:04:28 | __main__ | INFO     | Show time qualifies to be added
2018-02-03 17:04:28 | __main__ | INFO     | Event built
2018-02-03 17:04:29 | __main__ | INFO     | Event added
2018-02-03 17:04:29 | __main__ | INFO     | Processing movie I TONYA, Date 2018-02-03, Time 21:20
2018-02-03 17:04:29 | __main__ | INFO     | Show time qualifies to be added
2018-02-03 17:04:29 | __main__ | INFO     | Event built
2018-02-03 17:04:30 | __main__ | INFO     | Event added
2018-02-03 17:04:30 | __main__ | INFO     | Processing movie I TONYA, Date 2018-02-03, Time 16:30
2018-02-03 17:04:30 | __main__ | INFO     | Show time qualifies to be added
2018-02-03 17:04:30 | __main__ | INFO     | Event built
2018-02-03 17:04:30 | __main__ | INFO     | Event added
2018-02-03 17:04:30 | __main__ | INFO     | Processing movie LADY BIRD, Date 2018-02-03, Time 21:25
2018-02-03 17:04:30 | __main__ | INFO     | Show time qualifies to be added
2018-02-03 17:04:30 | __main__ | INFO     | Event built
2018-02-03 17:04:30 | __main__ | INFO     | Event added
2018-02-03 17:04:30 | __main__ | INFO     | Processing movie LADY BIRD, Date 2018-02-03, Time 16:30
2018-02-03 17:04:30 | __main__ | INFO     | Show time qualifies to be added
2018-02-03 17:04:30 | __main__ | INFO     | Event built
2018-02-03 17:04:30 | __main__ | INFO     | Event added
2018-02-03 17:04:30 | __main__ | INFO     | Processing movie PASSION OF JOAN OF ARC, Date 2018-02-03, Time 12:00
2018-02-03 17:04:30 | __main__ | INFO     | Show time qualifies to be added
2018-02-03 17:04:30 | __main__ | INFO     | Event built
2018-02-03 17:04:31 | __main__ | INFO     | Event added
2018-02-03 17:04:31 | __main__ | INFO     | Processing movie SHAPE OF WATER, Date 2018-02-03, Time 19:00
2018-02-03 17:04:31 | __main__ | INFO     | Show time qualifies to be added
2018-02-03 17:04:31 | __main__ | INFO     | Event built
2018-02-03 17:04:31 | __main__ | INFO     | Event added
2018-02-03 17:04:31 | __main__ | INFO     | Processing movie SHAPE OF WATER, Date 2018-02-03, Time 14:10
2018-02-03 17:04:31 | __main__ | INFO     | Show time qualifies to be added
2018-02-03 17:04:31 | __main__ | INFO     | Event built
2018-02-03 17:04:31 | __main__ | INFO     | Event added
2018-02-03 17:04:31 | __main__ | INFO     | Processing movie CALL ME BY YOUR NAME, Date 2018-02-04, Time 14:00
2018-02-03 17:04:31 | __main__ | INFO     | Show time qualifies to be added
2018-02-03 17:04:31 | __main__ | INFO     | Event built
2018-02-03 17:04:31 | __main__ | INFO     | Event added
2018-02-03 17:04:31 | __main__ | INFO     | Processing movie I TONYA, Date 2018-02-04, Time 21:25
2018-02-03 17:04:31 | __main__ | INFO     | Show time qualifies to be added
2018-02-03 17:04:31 | __main__ | INFO     | Event built
2018-02-03 17:04:32 | __main__ | INFO     | Event added
2018-02-03 17:04:32 | __main__ | INFO     | Processing movie I TONYA, Date 2018-02-04, Time 16:30
2018-02-03 17:04:32 | __main__ | INFO     | Show time qualifies to be added
2018-02-03 17:04:32 | __main__ | INFO     | Event built
2018-02-03 17:04:32 | __main__ | INFO     | Event added
2018-02-03 17:04:32 | __main__ | INFO     | Processing movie LADY BIRD, Date 2018-02-04, Time 16:30
2018-02-03 17:04:32 | __main__ | INFO     | Show time qualifies to be added
2018-02-03 17:04:32 | __main__ | INFO     | Event built
2018-02-03 17:04:32 | __main__ | INFO     | Event added
2018-02-03 17:04:32 | __main__ | INFO     | Processing movie SHAPE OF WATER, Date 2018-02-04, Time 19:00
2018-02-03 17:04:32 | __main__ | INFO     | Show time qualifies to be added
2018-02-03 17:04:32 | __main__ | INFO     | Event built
2018-02-03 17:04:33 | __main__ | INFO     | Event added
2018-02-03 17:04:33 | __main__ | INFO     | Processing movie SHAPE OF WATER, Date 2018-02-04, Time 14:10
2018-02-03 17:04:33 | __main__ | INFO     | Show time qualifies to be added
2018-02-03 17:04:33 | __main__ | INFO     | Event built
2018-02-03 17:04:34 | __main__ | INFO     | Event added
2018-02-03 17:04:34 | __main__ | INFO     | Processing movie SUPERBOWL LII, Date 2018-02-04, Time 18:30
2018-02-03 17:04:34 | __main__ | INFO     | Show time qualifies to be added
2018-02-03 17:04:34 | __main__ | INFO     | Event built
2018-02-03 17:04:34 | __main__ | INFO     | Event added
2018-02-03 17:04:34 | __main__ | INFO     | Processing movie CALL ME BY YOUR NAME, Date 2018-02-05, Time 19:00
2018-02-03 17:04:34 | __main__ | INFO     | Show time qualifies to be added
2018-02-03 17:04:34 | __main__ | INFO     | Event built
2018-02-03 17:04:34 | __main__ | INFO     | Event added
2018-02-03 17:04:34 | __main__ | INFO     | Processing movie CALL ME BY YOUR NAME, Date 2018-02-05, Time 14:00
2018-02-03 17:04:34 | __main__ | INFO     | Processing movie DARSOMBRA LIVE, Date 2018-02-05, Time 21:00
2018-02-03 17:04:34 | __main__ | INFO     | Show time qualifies to be added
2018-02-03 17:04:34 | __main__ | INFO     | Event built
2018-02-03 17:04:34 | __main__ | INFO     | Event added
2018-02-03 17:04:34 | __main__ | INFO     | Processing movie I TONYA, Date 2018-02-05, Time 21:25
2018-02-03 17:04:34 | __main__ | INFO     | Show time qualifies to be added
2018-02-03 17:04:34 | __main__ | INFO     | Event built
2018-02-03 17:04:35 | __main__ | INFO     | Event added
2018-02-03 17:04:35 | __main__ | INFO     | Processing movie I TONYA, Date 2018-02-05, Time 16:30
2018-02-03 17:04:35 | __main__ | INFO     | Processing movie LADY BIRD, Date 2018-02-05, Time 16:30
2018-02-03 17:04:35 | __main__ | INFO     | Processing movie SHAPE OF WATER, Date 2018-02-05, Time 18:30
2018-02-03 17:04:35 | __main__ | INFO     | Show time qualifies to be added
2018-02-03 17:04:35 | __main__ | INFO     | Event built
2018-02-03 17:04:35 | __main__ | INFO     | Event added
2018-02-03 17:04:35 | __main__ | INFO     | Processing movie SHAPE OF WATER, Date 2018-02-05, Time 14:10
2018-02-03 17:04:35 | __main__ | INFO     | Processing movie BEFORE SUNRISE, Date 2018-02-06, Time 19:00
2018-02-03 17:04:35 | __main__ | INFO     | Show time qualifies to be added
2018-02-03 17:04:35 | __main__ | INFO     | Event built
2018-02-03 17:04:35 | __main__ | INFO     | Event added
2018-02-03 17:04:35 | __main__ | INFO     | Processing movie CALL ME BY YOUR NAME, Date 2018-02-06, Time 14:00
2018-02-03 17:04:35 | __main__ | INFO     | Processing movie I TONYA, Date 2018-02-06, Time 21:20
2018-02-03 17:04:35 | __main__ | INFO     | Show time qualifies to be added
2018-02-03 17:04:35 | __main__ | INFO     | Event built
2018-02-03 17:04:35 | __main__ | INFO     | Event added
2018-02-03 17:04:35 | __main__ | INFO     | Processing movie I TONYA, Date 2018-02-06, Time 16:30
2018-02-03 17:04:35 | __main__ | INFO     | Processing movie LADY BIRD, Date 2018-02-06, Time 21:25
2018-02-03 17:04:35 | __main__ | INFO     | Show time qualifies to be added
2018-02-03 17:04:35 | __main__ | INFO     | Event built
2018-02-03 17:04:37 | __main__ | INFO     | Event added
2018-02-03 17:04:37 | __main__ | INFO     | Processing movie LADY BIRD, Date 2018-02-06, Time 16:30
2018-02-03 17:04:37 | __main__ | INFO     | Processing movie SHAPE OF WATER, Date 2018-02-06, Time 19:00
2018-02-03 17:04:37 | __main__ | INFO     | Show time qualifies to be added
2018-02-03 17:04:37 | __main__ | INFO     | Event built
2018-02-03 17:04:38 | __main__ | INFO     | Event added
2018-02-03 17:04:38 | __main__ | INFO     | Processing movie SHAPE OF WATER, Date 2018-02-06, Time 14:10
2018-02-03 17:04:38 | __main__ | INFO     | Processing movie CALL ME BY YOUR NAME, Date 2018-02-07, Time 14:00
2018-02-03 17:04:38 | __main__ | INFO     | Processing movie I TONYA, Date 2018-02-07, Time 21:20
2018-02-03 17:04:38 | __main__ | INFO     | Show time qualifies to be added
2018-02-03 17:04:38 | __main__ | INFO     | Event built
2018-02-03 17:04:38 | __main__ | INFO     | Event added
2018-02-03 17:04:38 | __main__ | INFO     | Processing movie I TONYA, Date 2018-02-07, Time 16:30
2018-02-03 17:04:38 | __main__ | INFO     | Processing movie LADY BIRD, Date 2018-02-07, Time 21:25
2018-02-03 17:04:38 | __main__ | INFO     | Show time qualifies to be added
2018-02-03 17:04:38 | __main__ | INFO     | Event built
2018-02-03 17:04:39 | __main__ | INFO     | Event added
2018-02-03 17:04:39 | __main__ | INFO     | Processing movie LADY BIRD, Date 2018-02-07, Time 16:30
2018-02-03 17:04:39 | __main__ | INFO     | Processing movie SEARCHING FOR SUGARMAN, Date 2018-02-07, Time 19:00
2018-02-03 17:04:39 | __main__ | INFO     | Show time qualifies to be added
2018-02-03 17:04:39 | __main__ | INFO     | Event built
2018-02-03 17:04:39 | __main__ | INFO     | Event added
2018-02-03 17:04:39 | __main__ | INFO     | Processing movie SHAPE OF WATER, Date 2018-02-07, Time 19:00
2018-02-03 17:04:39 | __main__ | INFO     | Show time qualifies to be added
2018-02-03 17:04:39 | __main__ | INFO     | Event built
2018-02-03 17:04:39 | __main__ | INFO     | Event added
2018-02-03 17:04:39 | __main__ | INFO     | Processing movie SHAPE OF WATER, Date 2018-02-07, Time 14:10
2018-02-03 17:04:39 | __main__ | INFO     | Processing movie CALL ME BY YOUR NAME, Date 2018-02-08, Time 14:00
2018-02-03 17:04:39 | __main__ | INFO     | Processing movie I TONYA, Date 2018-02-08, Time 21:20
2018-02-03 17:04:39 | __main__ | INFO     | Show time qualifies to be added
2018-02-03 17:04:39 | __main__ | INFO     | Event built
2018-02-03 17:04:39 | __main__ | INFO     | Event added
2018-02-03 17:04:39 | __main__ | INFO     | Processing movie I TONYA, Date 2018-02-08, Time 16:30
2018-02-03 17:04:39 | __main__ | INFO     | Processing movie LADY BIRD, Date 2018-02-08, Time 16:30
2018-02-03 17:04:39 | __main__ | INFO     | Processing movie SHAPE OF WATER, Date 2018-02-08, Time 19:00
2018-02-03 17:04:39 | __main__ | INFO     | Show time qualifies to be added
2018-02-03 17:04:39 | __main__ | INFO     | Event built
2018-02-03 17:04:40 | __main__ | INFO     | Event added
2018-02-03 17:04:40 | __main__ | INFO     | Processing movie SHAPE OF WATER, Date 2018-02-08, Time 14:10
2018-02-03 17:04:40 | __main__ | INFO     | Processing movie SHORT FILM SHOWCASE, Date 2018-02-08, Time 21:00
2018-02-03 17:04:40 | __main__ | INFO     | Show time qualifies to be added
2018-02-03 17:04:40 | __main__ | INFO     | Event built
2018-02-03 17:04:40 | __main__ | INFO     | Event added
2018-02-03 17:04:40 | __main__ | INFO     | Processing movie SHORT FILM SHOWCASE, Date 2018-02-08, Time 19:00
2018-02-03 17:04:40 | __main__ | INFO     | Show time qualifies to be added
2018-02-03 17:04:40 | __main__ | INFO     | Event built
2018-02-03 17:04:40 | __main__ | INFO     | Event added
2018-02-03 17:04:40 | __main__ | INFO     | Processing movie BEFORE SUNSET, Date 2018-02-13, Time 19:00
2018-02-03 17:04:40 | __main__ | INFO     | Show time qualifies to be added
2018-02-03 17:04:40 | __main__ | INFO     | Event built
2018-02-03 17:04:40 | __main__ | INFO     | Event added
2018-02-03 17:04:40 | __main__ | INFO     | Processing movie WILD AT HEART, Date 2018-02-14, Time 19:00
2018-02-03 17:04:40 | __main__ | INFO     | Show time qualifies to be added
2018-02-03 17:04:40 | __main__ | INFO     | Event built
2018-02-03 17:04:41 | __main__ | INFO     | Event added
2018-02-03 17:04:41 | __main__ | INFO     | Processing movie BLACK PANTHER, Date 2018-02-15, Time 20:45
2018-02-03 17:04:41 | __main__ | INFO     | Show time qualifies to be added
2018-02-03 17:04:41 | __main__ | INFO     | Event built
2018-02-03 17:04:41 | __main__ | INFO     | Event added
2018-02-03 17:04:41 | __main__ | INFO     | Processing movie ROGER BEEBE LIVE, Date 2018-02-15, Time 19:00
2018-02-03 17:04:41 | __main__ | INFO     | Show time qualifies to be added
2018-02-03 17:04:41 | __main__ | INFO     | Event built
2018-02-03 17:04:41 | __main__ | INFO     | Event added
2018-02-03 17:04:41 | __main__ | INFO     | Processing movie BLACK PANTHER, Date 2018-02-16, Time 21:25
2018-02-03 17:04:41 | __main__ | INFO     | Show time qualifies to be added
2018-02-03 17:04:41 | __main__ | INFO     | Event built
2018-02-03 17:04:42 | __main__ | INFO     | Event added
2018-02-03 17:04:42 | __main__ | INFO     | Processing movie BLACK PANTHER, Date 2018-02-16, Time 18:45
2018-02-03 17:04:42 | __main__ | INFO     | Show time qualifies to be added
2018-02-03 17:04:42 | __main__ | INFO     | Event built
2018-02-03 17:04:42 | __main__ | INFO     | Event added
2018-02-03 17:04:42 | __main__ | INFO     | Processing movie BLACK PANTHER, Date 2018-02-16, Time 15:45
2018-02-03 17:04:42 | __main__ | INFO     | Processing movie BLACK PANTHER, Date 2018-02-16, Time 13:00
2018-02-03 17:04:42 | __main__ | INFO     | Processing movie BLACK PANTHER, Date 2018-02-17, Time 21:25
2018-02-03 17:04:42 | __main__ | INFO     | Show time qualifies to be added
2018-02-03 17:04:42 | __main__ | INFO     | Event built
2018-02-03 17:04:42 | __main__ | INFO     | Event added
2018-02-03 17:04:42 | __main__ | INFO     | Processing movie BLACK PANTHER, Date 2018-02-17, Time 18:45
2018-02-03 17:04:42 | __main__ | INFO     | Show time qualifies to be added
2018-02-03 17:04:42 | __main__ | INFO     | Event built
2018-02-03 17:04:42 | __main__ | INFO     | Event added
2018-02-03 17:04:42 | __main__ | INFO     | Processing movie BLACK PANTHER, Date 2018-02-17, Time 16:00
2018-02-03 17:04:42 | __main__ | INFO     | Show time qualifies to be added
2018-02-03 17:04:42 | __main__ | INFO     | Event built
2018-02-03 17:04:43 | __main__ | INFO     | Event added
2018-02-03 17:04:43 | __main__ | INFO     | Processing movie BLACK PANTHER, Date 2018-02-17, Time 13:15
2018-02-03 17:04:43 | __main__ | INFO     | Show time qualifies to be added
2018-02-03 17:04:43 | __main__ | INFO     | Event built
2018-02-03 17:04:43 | __main__ | INFO     | Event added
2018-02-03 17:04:43 | __main__ | INFO     | Processing movie BLACK PANTHER, Date 2018-02-18, Time 19:00
2018-02-03 17:04:43 | __main__ | INFO     | Show time qualifies to be added
2018-02-03 17:04:43 | __main__ | INFO     | Event built
2018-02-03 17:04:43 | __main__ | INFO     | Event added
2018-02-03 17:04:43 | __main__ | INFO     | Processing movie BLACK PANTHER, Date 2018-02-18, Time 15:45
2018-02-03 17:04:43 | __main__ | INFO     | Show time qualifies to be added
2018-02-03 17:04:43 | __main__ | INFO     | Event built
2018-02-03 17:04:43 | __main__ | INFO     | Event added
2018-02-03 17:04:43 | __main__ | INFO     | Processing movie BLACK PANTHER, Date 2018-02-18, Time 13:00
2018-02-03 17:04:43 | __main__ | INFO     | Show time qualifies to be added
2018-02-03 17:04:43 | __main__ | INFO     | Event built
2018-02-03 17:04:44 | __main__ | INFO     | Event added
2018-02-03 17:04:44 | __main__ | INFO     | Processing movie BLACK PANTHER, Date 2018-02-19, Time 19:00
2018-02-03 17:04:44 | __main__ | INFO     | Show time qualifies to be added
2018-02-03 17:04:44 | __main__ | INFO     | Event built
2018-02-03 17:04:44 | __main__ | INFO     | Event added
2018-02-03 17:04:44 | __main__ | INFO     | Processing movie BLACK PANTHER, Date 2018-02-19, Time 15:45
2018-02-03 17:04:44 | __main__ | INFO     | Processing movie BLACK PANTHER, Date 2018-02-19, Time 13:00
2018-02-03 17:04:44 | __main__ | INFO     | Processing movie BEFORE MIDNIGHT, Date 2018-02-20, Time 19:00
2018-02-03 17:04:44 | __main__ | INFO     | Show time qualifies to be added
2018-02-03 17:04:44 | __main__ | INFO     | Event built
2018-02-03 17:04:44 | __main__ | INFO     | Event added
2018-02-03 17:04:44 | __main__ | INFO     | Processing movie BLACK PANTHER, Date 2018-02-20, Time 19:00
2018-02-03 17:04:44 | __main__ | INFO     | Show time qualifies to be added
2018-02-03 17:04:44 | __main__ | INFO     | Event built
2018-02-03 17:04:44 | __main__ | INFO     | Event added
2018-02-03 17:04:44 | __main__ | INFO     | Processing movie BLACK PANTHER, Date 2018-02-20, Time 15:45
2018-02-03 17:04:45 | __main__ | INFO     | Processing movie BLACK PANTHER, Date 2018-02-20, Time 13:00
2018-02-03 17:04:45 | __main__ | INFO     | Processing movie BLACK PANTHER, Date 2018-02-21, Time 19:00
2018-02-03 17:04:45 | __main__ | INFO     | Show time qualifies to be added
2018-02-03 17:04:45 | __main__ | INFO     | Event built
2018-02-03 17:04:45 | __main__ | INFO     | Event added
2018-02-03 17:04:45 | __main__ | INFO     | Processing movie BLACK PANTHER, Date 2018-02-21, Time 15:45
2018-02-03 17:04:45 | __main__ | INFO     | Processing movie BLACK PANTHER, Date 2018-02-21, Time 13:00
2018-02-03 17:04:45 | __main__ | INFO     | Processing movie BLACK PANTHER, Date 2018-02-22, Time 19:00
2018-02-03 17:04:45 | __main__ | INFO     | Show time qualifies to be added
2018-02-03 17:04:45 | __main__ | INFO     | Event built
2018-02-03 17:04:45 | __main__ | INFO     | Event added
2018-02-03 17:04:45 | __main__ | INFO     | Processing movie BLACK PANTHER, Date 2018-02-22, Time 15:45
2018-02-03 17:04:45 | __main__ | INFO     | Processing movie BLACK PANTHER, Date 2018-02-22, Time 13:00
2018-02-03 17:04:45 | __main__ | INFO     | Processing movie THE DARK CRYSTAL, Date 2018-02-25, Time 19:00
2018-02-03 17:04:45 | __main__ | INFO     | Show time qualifies to be added
2018-02-03 17:04:45 | __main__ | INFO     | Event built
2018-02-03 17:04:45 | __main__ | INFO     | Event added
2018-02-03 17:04:45 | __main__ | INFO     | Processing movie THE DARK CRYSTAL, Date 2018-02-25, Time 14:00
2018-02-03 17:04:45 | __main__ | INFO     | Show time qualifies to be added
2018-02-03 17:04:45 | __main__ | INFO     | Event built
2018-02-03 17:04:46 | __main__ | INFO     | Event added
2018-02-03 17:04:46 | __main__ | INFO     | Processing movie THE DARK CRYSTAL, Date 2018-02-28, Time 19:00
2018-02-03 17:04:46 | __main__ | INFO     | Show time qualifies to be added
2018-02-03 17:04:46 | __main__ | INFO     | Event built
2018-02-03 17:04:46 | __main__ | INFO     | Event added
2018-02-03 17:04:46 | __main__ | INFO     | Processing movie THE DARK CRYSTAL, Date 2018-02-28, Time 14:00
2018-02-03 17:04:46 | __main__ | INFO     | Processing movie BLACK PANTHER, Date 2018-03-04, Time 12:00
2018-02-03 17:04:46 | __main__ | INFO     | Show time qualifies to be added
2018-02-03 17:04:46 | __main__ | INFO     | Event built
2018-02-03 17:04:46 | __main__ | INFO     | Event added
2018-02-03 17:04:46 | __main__ | INFO     | Processing movie THE GREAT SATAN, Date 2018-03-14, Time 19:30
2018-02-03 17:04:46 | __main__ | INFO     | Show time qualifies to be added
2018-02-03 17:04:46 | __main__ | INFO     | Event built
2018-02-03 17:04:46 | __main__ | INFO     | Event added
2018-02-03 17:04:46 | __main__ | INFO     | Processing movie MONTEREY POP, Date 2018-03-21, Time 19:00
2018-02-03 17:04:46 | __main__ | INFO     | Show time qualifies to be added
2018-02-03 17:04:46 | __main__ | INFO     | Event built
2018-02-03 17:04:47 | __main__ | INFO     | Event added
